<?xml version="1.0" encoding="UTF-8"?>
<!-- Generated by org.testng.reporters.JUnitXMLReporter -->
<testsuite hostname="DESKTOP-7RHMSUF" failures="1" tests="1" name="ErrorValidation" time="7.983" errors="0" timestamp="17 May 2025 08:42:08 GMT">
  <testcase classname="SwapneshPatelAcademy.ErrorValidationTest" name="submitOrder" time="0.882">
    <failure type="junit.framework.ComparisonFailure" message="expected:&amp;lt; ...&amp;gt; but was:&amp;lt;...&amp;gt;">
      <![CDATA[junit.framework.ComparisonFailure: expected:< ...> but was:<...>
	at junit.framework.Assert.assertEquals(Assert.java:81)
	at junit.framework.Assert.assertEquals(Assert.java:87)
	at SwapneshPatelAcademy.ErrorValidationTest.submitOrder(ErrorValidationTest.java:24)
	at org.apache.maven.surefire.testng.TestNGExecutor.run(TestNGExecutor.java:308)
	at org.apache.maven.surefire.testng.TestNGXmlTestSuite.execute(TestNGXmlTestSuite.java:71)
	at org.apache.maven.surefire.testng.TestNGProvider.invoke(TestNGProvider.java:113)
	at org.apache.maven.surefire.booter.ForkedBooter.runSuitesInProcess(ForkedBooter.java:385)
	at org.apache.maven.surefire.booter.ForkedBooter.execute(ForkedBooter.java:162)
	at org.apache.maven.surefire.booter.ForkedBooter.run(ForkedBooter.java:507)
	at org.apache.maven.surefire.booter.ForkedBooter.main(ForkedBooter.java:495)
... Removed 19 stack frames]]>
    </failure>
  </testcase> <!-- submitOrder -->
</testsuite> <!-- ErrorValidation -->
