<?xml version="1.0" encoding="UTF-8"?>
<testng-results total="2" passed="1" failed="1" skipped="0">
  <reporter-output>
  </reporter-output>
  <suite started-at="2025-05-18T08:43:55Z" name="Surefire suite" finished-at="2025-05-18T08:44:45Z" duration-ms="49277">
    <groups>
    </groups>
    <test started-at="2025-05-18T08:43:55Z" name="Surefire test" finished-at="2025-05-18T08:44:45Z" duration-ms="49277">
      <class name="SwapneshPatelAcademy.ErrorValidationTest">
        <test-method is-config="true" signature="launchApplication()[pri:0, instance:SwapneshPatelAcademy.ErrorValidationTest@7f77e91b]" started-at="2025-05-18T14:13:55Z" name="launchApplication" finished-at="2025-05-18T14:14:03Z" duration-ms="8101" status="PASS">
          <reporter-output>
          </reporter-output>
        </test-method> <!-- launchApplication -->
        <test-method signature="submitOrder()[pri:0, instance:SwapneshPatelAcademy.ErrorValidationTest@7f77e91b]" started-at="2025-05-18T14:14:03Z" name="submitOrder" finished-at="2025-05-18T14:14:05Z" duration-ms="1353" status="FAIL">
          <exception class="junit.framework.ComparisonFailure">
            <message>
              <![CDATA[expected:< ...> but was:<...>]]>
            </message>
            <full-stacktrace>
              <![CDATA[junit.framework.ComparisonFailure: expected:< ...> but was:<...>
	at junit.framework.Assert.assertEquals(Assert.java:81)
	at junit.framework.Assert.assertEquals(Assert.java:87)
	at SwapneshPatelAcademy.ErrorValidationTest.submitOrder(ErrorValidationTest.java:24)
	at java.base/jdk.internal.reflect.DirectMethodHandleAccessor.invoke(DirectMethodHandleAccessor.java:103)
	at java.base/java.lang.reflect.Method.invoke(Method.java:580)
	at org.testng.internal.MethodInvocationHelper.invokeMethod(MethodInvocationHelper.java:80)
	at org.testng.internal.Invoker.invokeMethod(Invoker.java:715)
	at org.testng.internal.Invoker.invokeTestMethod(Invoker.java:907)
	at org.testng.internal.Invoker.invokeTestMethods(Invoker.java:1237)
	at org.testng.internal.TestMethodWorker.invokeTestMethods(TestMethodWorker.java:127)
	at org.testng.internal.TestMethodWorker.run(TestMethodWorker.java:111)
	at org.testng.TestRunner.privateRun(TestRunner.java:767)
	at org.testng.TestRunner.run(TestRunner.java:617)
	at org.testng.SuiteRunner.runTest(SuiteRunner.java:334)
	at org.testng.SuiteRunner.runSequentially(SuiteRunner.java:329)
	at org.testng.SuiteRunner.privateRun(SuiteRunner.java:291)
	at org.testng.SuiteRunner.run(SuiteRunner.java:240)
	at org.testng.SuiteRunnerWorker.runSuite(SuiteRunnerWorker.java:51)
	at org.testng.SuiteRunnerWorker.run(SuiteRunnerWorker.java:85)
	at org.testng.TestNG.runSuitesSequentially(TestNG.java:1197)
	at org.testng.TestNG.runSuitesLocally(TestNG.java:1122)
	at org.testng.TestNG.run(TestNG.java:1030)
	at org.apache.maven.surefire.testng.TestNGExecutor.run(TestNGExecutor.java:155)
	at org.apache.maven.surefire.testng.TestNGDirectoryTestSuite.executeMulti(TestNGDirectoryTestSuite.java:169)
	at org.apache.maven.surefire.testng.TestNGDirectoryTestSuite.execute(TestNGDirectoryTestSuite.java:88)
	at org.apache.maven.surefire.testng.TestNGProvider.invoke(TestNGProvider.java:137)
	at org.apache.maven.surefire.booter.ForkedBooter.runSuitesInProcess(ForkedBooter.java:385)
	at org.apache.maven.surefire.booter.ForkedBooter.execute(ForkedBooter.java:162)
	at org.apache.maven.surefire.booter.ForkedBooter.run(ForkedBooter.java:507)
	at org.apache.maven.surefire.booter.ForkedBooter.main(ForkedBooter.java:495)
]]>
            </full-stacktrace>
          </exception> <!-- junit.framework.ComparisonFailure -->
          <reporter-output>
          </reporter-output>
        </test-method> <!-- submitOrder -->
      </class> <!-- SwapneshPatelAcademy.ErrorValidationTest -->
      <class name="SwapneshPatelAcademy.TestLogin">
        <test-method is-config="true" signature="launchApplication()[pri:0, instance:SwapneshPatelAcademy.TestLogin@3b2c72c2]" started-at="2025-05-18T14:14:05Z" name="launchApplication" finished-at="2025-05-18T14:14:07Z" duration-ms="2071" status="PASS">
          <reporter-output>
          </reporter-output>
        </test-method> <!-- launchApplication -->
        <test-method signature="submitOrder()[pri:0, instance:SwapneshPatelAcademy.TestLogin@3b2c72c2]" started-at="2025-05-18T14:14:07Z" name="submitOrder" finished-at="2025-05-18T14:14:45Z" duration-ms="37729" status="PASS">
          <reporter-output>
          </reporter-output>
        </test-method> <!-- submitOrder -->
      </class> <!-- SwapneshPatelAcademy.TestLogin -->
    </test> <!-- Surefire test -->
  </suite> <!-- Surefire suite -->
</testng-results>
