<?xml version="1.0" encoding="UTF-8"?>
<testng-results total="1" passed="1" failed="0" skipped="0">
  <reporter-output>
  </reporter-output>
  <suite started-at="2025-05-18T08:11:05Z" name="Default suite" finished-at="2025-05-18T08:11:48Z" duration-ms="42957">
    <groups>
    </groups>
    <test started-at="2025-05-18T08:11:05Z" name="Default test" finished-at="2025-05-18T08:11:48Z" duration-ms="42957">
      <class name="SwapneshPatelAcademy.TestLogin">
        <test-method is-config="true" signature="launchApplication()[pri:0, instance:SwapneshPatelAcademy.TestLogin@7ce026d3]" started-at="2025-05-18T13:41:05Z" name="launchApplication" finished-at="2025-05-18T13:41:13Z" duration-ms="8522" status="PASS">
          <reporter-output>
          </reporter-output>
        </test-method> <!-- launchApplication -->
        <test-method signature="submitOrder()[pri:0, instance:SwapneshPatelAcademy.TestLogin@7ce026d3]" started-at="2025-05-18T13:41:13Z" name="submitOrder" finished-at="2025-05-18T13:41:48Z" duration-ms="34406" status="PASS">
          <reporter-output>
          </reporter-output>
        </test-method> <!-- submitOrder -->
      </class> <!-- SwapneshPatelAcademy.TestLogin -->
    </test> <!-- Default test -->
  </suite> <!-- Default suite -->
</testng-results>
